[13-Sep-2017 14:41:30 Asia/Manila] PHP Warning:  fopen(pglu.png): failed to open stream: No such file or directory in C:\Users\sly\Desktop\UwAmp310\www\tabulation\tabulator\fpdf181\fpdf.php on line 1259
[13-Sep-2017 14:41:30 Asia/Manila] PHP Stack trace:
[13-Sep-2017 14:41:30 Asia/Manila] PHP   1. {main}() C:\Users\sly\Desktop\UwAmp310\www\tabulation\tabulator\reports\winners.php:0
[13-Sep-2017 14:41:30 Asia/Manila] PHP   2. FPDF->AddPage() C:\Users\sly\Desktop\UwAmp310\www\tabulation\tabulator\reports\winners.php:106
[13-Sep-2017 14:41:30 Asia/Manila] PHP   3. PDF->Header() C:\Users\sly\Desktop\UwAmp310\www\tabulation\tabulator\fpdf181\fpdf.php:334
[13-Sep-2017 14:41:30 Asia/Manila] PHP   4. FPDF->Image() C:\Users\sly\Desktop\UwAmp310\www\tabulation\tabulator\reports\winners.php:14
[13-Sep-2017 14:41:30 Asia/Manila] PHP   5. FPDF->_parsepng() C:\Users\sly\Desktop\UwAmp310\www\tabulation\tabulator\fpdf181\fpdf.php:885
[13-Sep-2017 14:41:30 Asia/Manila] PHP   6. fopen() C:\Users\sly\Desktop\UwAmp310\www\tabulation\tabulator\fpdf181\fpdf.php:1259
[13-Sep-2017 14:41:30 Asia/Manila] PHP Fatal error:  Uncaught Exception: FPDF error: Can't open image file: pglu.png in C:\Users\sly\Desktop\UwAmp310\www\tabulation\tabulator\fpdf181\fpdf.php:271
Stack trace:
#0 C:\Users\sly\Desktop\UwAmp310\www\tabulation\tabulator\fpdf181\fpdf.php(1261): FPDF->Error('Can't open imag...')
#1 C:\Users\sly\Desktop\UwAmp310\www\tabulation\tabulator\fpdf181\fpdf.php(885): FPDF->_parsepng('pglu.png')
#2 C:\Users\sly\Desktop\UwAmp310\www\tabulation\tabulator\reports\winners.php(14): FPDF->Image('pglu.png', 80, 10)
#3 C:\Users\sly\Desktop\UwAmp310\www\tabulation\tabulator\fpdf181\fpdf.php(334): PDF->Header()
#4 C:\Users\sly\Desktop\UwAmp310\www\tabulation\tabulator\reports\winners.php(106): FPDF->AddPage()
#5 {main}
  thrown in C:\Users\sly\Desktop\UwAmp310\www\tabulation\tabulator\fpdf181\fpdf.php on line 271
[13-Sep-2017 14:44:14 Asia/Manila] PHP Warning:  fopen(logo.png): failed to open stream: No such file or directory in C:\Users\sly\Desktop\UwAmp310\www\tabulation\tabulator\fpdf181\fpdf.php on line 1259
[13-Sep-2017 14:44:14 Asia/Manila] PHP Stack trace:
[13-Sep-2017 14:44:14 Asia/Manila] PHP   1. {main}() C:\Users\sly\Desktop\UwAmp310\www\tabulation\tabulator\reports\consolation-prizes.php:0
[13-Sep-2017 14:44:14 Asia/Manila] PHP   2. FPDF->AddPage() C:\Users\sly\Desktop\UwAmp310\www\tabulation\tabulator\reports\consolation-prizes.php:104
[13-Sep-2017 14:44:14 Asia/Manila] PHP   3. PDF->Header() C:\Users\sly\Desktop\UwAmp310\www\tabulation\tabulator\fpdf181\fpdf.php:334
[13-Sep-2017 14:44:14 Asia/Manila] PHP   4. FPDF->Image() C:\Users\sly\Desktop\UwAmp310\www\tabulation\tabulator\reports\consolation-prizes.php:14
[13-Sep-2017 14:44:14 Asia/Manila] PHP   5. FPDF->_parsepng() C:\Users\sly\Desktop\UwAmp310\www\tabulation\tabulator\fpdf181\fpdf.php:885
[13-Sep-2017 14:44:14 Asia/Manila] PHP   6. fopen() C:\Users\sly\Desktop\UwAmp310\www\tabulation\tabulator\fpdf181\fpdf.php:1259
[13-Sep-2017 14:44:14 Asia/Manila] PHP Fatal error:  Uncaught Exception: FPDF error: Can't open image file: logo.png in C:\Users\sly\Desktop\UwAmp310\www\tabulation\tabulator\fpdf181\fpdf.php:271
Stack trace:
#0 C:\Users\sly\Desktop\UwAmp310\www\tabulation\tabulator\fpdf181\fpdf.php(1261): FPDF->Error('Can't open imag...')
#1 C:\Users\sly\Desktop\UwAmp310\www\tabulation\tabulator\fpdf181\fpdf.php(885): FPDF->_parsepng('logo.png')
#2 C:\Users\sly\Desktop\UwAmp310\www\tabulation\tabulator\reports\consolation-prizes.php(14): FPDF->Image('logo.png', 80, 10)
#3 C:\Users\sly\Desktop\UwAmp310\www\tabulation\tabulator\fpdf181\fpdf.php(334): PDF->Header()
#4 C:\Users\sly\Desktop\UwAmp310\www\tabulation\tabulator\reports\consolation-prizes.php(104): FPDF->AddPage()
#5 {main}
  thrown in C:\Users\sly\Desktop\UwAmp310\www\tabulation\tabulator\fpdf181\fpdf.php on line 271
